[1/11] Linking C static library esp-idf/testable/libtestable.a
[2/11] Linking C static library esp-idf/main/libmain.a
[3/11] Performing build step for 'bootloader'
[1/1] cd /home/abdullah/esp/GPS_task/unit_test/test/build/bootloader/esp-idf/esptool_py && /home/abdullah/.espressif/python_env/idf5.2_py3.7_env/bin/python /home/abdullah/esp/esp-idf/components/partition_table/check_sizes.py --offset 0x8000 bootloader 0x1000 /home/abdullah/esp/GPS_task/unit_test/test/build/bootloader/bootloader.bin
Bootloader binary size 0x68a0 bytes. 0x760 bytes (7%) free.
[4/11] Building C object esp-idf/testable_test/CMakeFiles/__testable_test.dir/test_nmea.c.obj
FAILED: esp-idf/testable_test/CMakeFiles/__testable_test.dir/test_nmea.c.obj 
/home/abdullah/.espressif/tools/xtensa-esp32-elf/esp-12.2.0_20230208/xtensa-esp32-elf/bin/xtensa-esp32-elf-gcc -DESP_PLATFORM -DIDF_VER=\"v5.2-dev-917-g37d11ea04d-dirty\" -DSOC_MMU_PAGE_SIZE=CONFIG_MMU_PAGE_SIZE -DUNITY_INCLUDE_CONFIG_H -D_GLIBCXX_HAVE_POSIX_SEMAPHORE -D_GLIBCXX_USE_POSIX_SEMAPHORE -D_GNU_SOURCE -D_POSIX_READER_WRITER_LOCKS -I/home/abdullah/esp/GPS_task/unit_test/test/build/config -I/home/abdullah/esp/GPS_task/unit_test/components/testable/test -I/home/abdullah/esp/esp-idf/components/newlib/platform_include -I/home/abdullah/esp/esp-idf/components/freertos/config/include -I/home/abdullah/esp/esp-idf/components/freertos/config/include/freertos -I/home/abdullah/esp/esp-idf/components/freertos/config/xtensa/include -I/home/abdullah/esp/esp-idf/components/freertos/FreeRTOS-Kernel/include -I/home/abdullah/esp/esp-idf/components/freertos/FreeRTOS-Kernel/portable/xtensa/include -I/home/abdullah/esp/esp-idf/components/freertos/FreeRTOS-Kernel/portable/xtensa/include/freertos -I/home/abdullah/esp/esp-idf/components/freertos/esp_additions/include -I/home/abdullah/esp/esp-idf/components/esp_hw_support/include -I/home/abdullah/esp/esp-idf/components/esp_hw_support/include/soc -I/home/abdullah/esp/esp-idf/components/esp_hw_support/include/soc/esp32 -I/home/abdullah/esp/esp-idf/components/esp_hw_support/port/esp32/. -I/home/abdullah/esp/esp-idf/components/esp_hw_support/port/esp32/private_include -I/home/abdullah/esp/esp-idf/components/heap/include -I/home/abdullah/esp/esp-idf/components/log/include -I/home/abdullah/esp/esp-idf/components/soc/include -I/home/abdullah/esp/esp-idf/components/soc/esp32 -I/home/abdullah/esp/esp-idf/components/soc/esp32/include -I/home/abdullah/esp/esp-idf/components/hal/esp32/include -I/home/abdullah/esp/esp-idf/components/hal/include -I/home/abdullah/esp/esp-idf/components/hal/platform_port/include -I/home/abdullah/esp/esp-idf/components/esp_rom/include -I/home/abdullah/esp/esp-idf/components/esp_rom/include/esp32 -I/home/abdullah/esp/esp-idf/components/esp_rom/esp32 -I/home/abdullah/esp/esp-idf/components/esp_common/include -I/home/abdullah/esp/esp-idf/components/esp_system/include -I/home/abdullah/esp/esp-idf/components/esp_system/port/soc -I/home/abdullah/esp/esp-idf/components/esp_system/port/include/private -I/home/abdullah/esp/esp-idf/components/xtensa/esp32/include -I/home/abdullah/esp/esp-idf/components/xtensa/include -I/home/abdullah/esp/esp-idf/components/xtensa/deprecated_include -I/home/abdullah/esp/esp-idf/components/lwip/include -I/home/abdullah/esp/esp-idf/components/lwip/include/apps -I/home/abdullah/esp/esp-idf/components/lwip/include/apps/sntp -I/home/abdullah/esp/esp-idf/components/lwip/lwip/src/include -I/home/abdullah/esp/esp-idf/components/lwip/port/include -I/home/abdullah/esp/esp-idf/components/lwip/port/freertos/include -I/home/abdullah/esp/esp-idf/components/lwip/port/esp32xx/include -I/home/abdullah/esp/esp-idf/components/lwip/port/esp32xx/include/arch -I/home/abdullah/esp/esp-idf/components/lwip/port/esp32xx/include/sys -I/home/abdullah/esp/esp-idf/components/cmock/CMock/src -I/home/abdullah/esp/esp-idf/components/unity/include -I/home/abdullah/esp/esp-idf/components/unity/unity/src -I/home/abdullah/esp/GPS_task/unit_test/components/testable/include -mlongcalls -Wno-frame-address  -fdiagnostics-color=always -ffunction-sections -fdata-sections -Wall -Werror=all -Wno-error=unused-function -Wno-error=unused-variable -Wno-error=unused-but-set-variable -Wno-error=deprecated-declarations -Wextra -Wno-unused-parameter -Wno-sign-compare -Wno-enum-conversion -gdwarf-4 -ggdb -Og -fmacro-prefix-map=/home/abdullah/esp/GPS_task/unit_test/test=. -fmacro-prefix-map=/home/abdullah/esp/esp-idf=/IDF -fstrict-volatile-bitfields -fno-jump-tables -fno-tree-switch-conversion -std=gnu17 -Wno-old-style-declaration -MD -MT esp-idf/testable_test/CMakeFiles/__testable_test.dir/test_nmea.c.obj -MF esp-idf/testable_test/CMakeFiles/__testable_test.dir/test_nmea.c.obj.d -o esp-idf/testable_test/CMakeFiles/__testable_test.dir/test_nmea.c.obj -c /home/abdullah/esp/GPS_task/unit_test/components/testable/test/test_nmea.c
In file included from /home/abdullah/esp/GPS_task/unit_test/components/testable/test/test_nmea.c:2:
/home/abdullah/esp/GPS_task/unit_test/components/testable/include/testable.h: In function 'parse_gps_data':
/home/abdullah/esp/GPS_task/unit_test/components/testable/include/testable.h:41:17: warning: unused variable 'delimiter' [-Wunused-variable]
   41 |     const char* delimiter = "\n";
      |                 ^~~~~~~~~
In file included from /home/abdullah/esp/esp-idf/components/unity/unity/src/unity.h:16,
                 from /home/abdullah/esp/GPS_task/unit_test/components/testable/test/test_nmea.c:1:
/home/abdullah/esp/GPS_task/unit_test/components/testable/test/test_nmea.c: In function 'test_func_4':
/home/abdullah/esp/GPS_task/unit_test/components/testable/test/test_nmea.c:17:40: error: 'GPS' has no member named 'satellites'; did you mean 'sattelites'?
   17 |     TEST_ASSERT_EQUAL_INT(10, gps_data.satellites);
      |                                        ^~~~~~~~~~
/home/abdullah/esp/esp-idf/components/unity/unity/src/unity_internals.h:714:156: note: in definition of macro 'UNITY_TEST_ASSERT_EQUAL_INT'
  714 | #define UNITY_TEST_ASSERT_EQUAL_INT(expected, actual, line, message)                             UnityAssertEqualNumber((UNITY_INT)(expected), (UNITY_INT)(actual), (message), (UNITY_LINE_TYPE)(line), UNITY_DISPLAY_STYLE_INT)
      |                                                                                                                                                            ^~~~~~
/home/abdullah/esp/GPS_task/unit_test/components/testable/test/test_nmea.c:17:5: note: in expansion of macro 'TEST_ASSERT_EQUAL_INT'
   17 |     TEST_ASSERT_EQUAL_INT(10, gps_data.satellites);
      |     ^~~~~~~~~~~~~~~~~~~~~
[5/11] No install step for 'bootloader'
ninja: build stopped: subcommand failed.
